<?xml version="1.0" encoding="UTF-8"?>
<!-- Generated by org.testng.reporters.JUnitReportReporter -->
<testsuite hostname="DESKTOP-SJM3D2F" failures="0" tests="1" name="com.qa.PageObjectModel.test.ContactUsPageTest" time="44.232" errors="0" timestamp="2022-02-22T22:15:42 IST" skipped="0">
  <testcase classname="com.qa.PageObjectModel.test.ContactUsPageTest" name="verifyContactPage" time="44.232"/>
  <system-out/>
</testsuite> <!-- com.qa.PageObjectModel.test.ContactUsPageTest -->
